Performing C SOURCE FILE Test CMAKE_HAVE_LIBC_PTHREAD failed with the following output:
Change Dir: /home/fredvaz/mastering_cpp/CMake/8_Fetch_Content/build/CMakeFiles/CMakeTmp

Run Build Command(s):/usr/bin/make cmTC_51b0a/fast && /usr/bin/make -f CMakeFiles/cmTC_51b0a.dir/build.make CMakeFiles/cmTC_51b0a.dir/build
make[1]: Entering directory '/home/fredvaz/mastering_cpp/CMake/8_Fetch_Content/build/CMakeFiles/CMakeTmp'
Building C object CMakeFiles/cmTC_51b0a.dir/src.c.o
/usr/bin/gcc   -DCMAKE_HAVE_LIBC_PTHREAD   -o CMakeFiles/cmTC_51b0a.dir/src.c.o   -c /home/fredvaz/mastering_cpp/CMake/8_Fetch_Content/build/CMakeFiles/CMakeTmp/src.c
Linking C executable cmTC_51b0a
/usr/bin/cmake -E cmake_link_script CMakeFiles/cmTC_51b0a.dir/link.txt --verbose=1
/usr/bin/gcc  -DCMAKE_HAVE_LIBC_PTHREAD    CMakeFiles/cmTC_51b0a.dir/src.c.o  -o cmTC_51b0a 
/usr/bin/ld: CMakeFiles/cmTC_51b0a.dir/src.c.o: in function `main':
src.c:(.text+0x46): undefined reference to `pthread_create'
/usr/bin/ld: src.c:(.text+0x52): undefined reference to `pthread_detach'
/usr/bin/ld: src.c:(.text+0x63): undefined reference to `pthread_join'
collect2: error: ld returned 1 exit status
make[1]: *** [CMakeFiles/cmTC_51b0a.dir/build.make:87: cmTC_51b0a] Error 1
make[1]: Leaving directory '/home/fredvaz/mastering_cpp/CMake/8_Fetch_Content/build/CMakeFiles/CMakeTmp'
make: *** [Makefile:121: cmTC_51b0a/fast] Error 2


Source file was:
#include <pthread.h>

void* test_func(void* data)
{
  return data;
}

int main(void)
{
  pthread_t thread;
  pthread_create(&thread, NULL, test_func, NULL);
  pthread_detach(thread);
  pthread_join(thread, NULL);
  pthread_atfork(NULL, NULL, NULL);
  pthread_exit(NULL);

  return 0;
}

Determining if the function pthread_create exists in the pthreads failed with the following output:
Change Dir: /home/fredvaz/mastering_cpp/CMake/8_Fetch_Content/build/CMakeFiles/CMakeTmp

Run Build Command(s):/usr/bin/make cmTC_45383/fast && /usr/bin/make -f CMakeFiles/cmTC_45383.dir/build.make CMakeFiles/cmTC_45383.dir/build
make[1]: Entering directory '/home/fredvaz/mastering_cpp/CMake/8_Fetch_Content/build/CMakeFiles/CMakeTmp'
Building C object CMakeFiles/cmTC_45383.dir/CheckFunctionExists.c.o
/usr/bin/gcc   -DCHECK_FUNCTION_EXISTS=pthread_create   -o CMakeFiles/cmTC_45383.dir/CheckFunctionExists.c.o   -c /usr/share/cmake-3.16/Modules/CheckFunctionExists.c
Linking C executable cmTC_45383
/usr/bin/cmake -E cmake_link_script CMakeFiles/cmTC_45383.dir/link.txt --verbose=1
/usr/bin/gcc  -DCHECK_FUNCTION_EXISTS=pthread_create    CMakeFiles/cmTC_45383.dir/CheckFunctionExists.c.o  -o cmTC_45383  -lpthreads 
/usr/bin/ld: cannot find -lpthreads
collect2: error: ld returned 1 exit status
make[1]: *** [CMakeFiles/cmTC_45383.dir/build.make:87: cmTC_45383] Error 1
make[1]: Leaving directory '/home/fredvaz/mastering_cpp/CMake/8_Fetch_Content/build/CMakeFiles/CMakeTmp'
make: *** [Makefile:121: cmTC_45383/fast] Error 2



